stdio    D         file_stdio.c:110  file_stdio_fopen                 [   0.00000] opening D:\Users\mayco\Desktop\Desenvolvimento\UNISAL\Estrutura De Dados\Jogos De Cartas\estrutura-cartas\Debug\allegro5.cfg r
system   D            wsystem.c:802  maybe_parent_dir                 [   0.00000] Also searching D:\Users\mayco\Desktop\Desenvolvimento\UNISAL\Estrutura De Dados\Jogos De Cartas\estrutura-cartas\
system   D            wsystem.c:852  _al_win_safe_load_library        [   0.00000] PathFindOnPath found: C:\WINDOWS\system32\shcore.dll
system   D            wsystem.c:763  load_library_at_path             [   0.00000] Calling LoadLibrary C:\WINDOWS\system32\shcore.dll
system   I            wsystem.c:766  load_library_at_path             [   0.00000] Loaded C:\WINDOWS\system32\shcore.dll
system   I             system.c:267  al_install_system                [   0.00000] Allegro version: 5.2.5
system   D            wsystem.c:802  maybe_parent_dir                 [   0.00030] Also searching D:\Users\mayco\Desktop\Desenvolvimento\UNISAL\Estrutura De Dados\Jogos De Cartas\estrutura-cartas\
system   D            wsystem.c:852  _al_win_safe_load_library        [   0.00043] PathFindOnPath found: C:\WINDOWS\system32\d3d9.dll
system   D            wsystem.c:763  load_library_at_path             [   0.00045] Calling LoadLibrary C:\WINDOWS\system32\d3d9.dll
system   I            wsystem.c:766  load_library_at_path             [   0.00191] Loaded C:\WINDOWS\system32\d3d9.dll
d3d      I         d3d_disp.cpp:674  d3d_init_display                 [   0.01350] Render-to-texture: 1
d3d      I         d3d_disp.cpp:1768 d3d_create_display_locked        [   0.01570] faux_fullscreen=0
d3d      D         d3d_disp.cpp:1769 d3d_create_display_locked        [   0.01573] al_display=002F5ED0
d3d      D         d3d_disp.cpp:1770 d3d_create_display_locked        [   0.01574] al_display->vt=002AF1A8
d3d      I d3d_display_formats.cpp:144  _al_d3d_generate_display_format_list [   0.01817] found 64 format combinations
display  D   display_settings.c:212  debug_display_settings           [   0.01821] color: 32 (rgba 8880), depth: 0, stencil: 0, acc: 0000, samples: 0/0
display  D   display_settings.c:527  _al_score_display_settings       [   0.01825] Score is : 897
display  D   display_settings.c:212  debug_display_settings           [   0.01827] color: 32 (rgba 8880), depth: 0, stencil: 0, acc: 0000, samples: 0/0
display  D   display_settings.c:527  _al_score_display_settings       [   0.01830] Score is : 897
display  D   display_settings.c:212  debug_display_settings           [   0.01832] color: 32 (rgba 8880), depth: 24, stencil: 8, acc: 0000, samples: 0/0
display  D   display_settings.c:527  _al_score_display_settings       [   0.01835] Score is : 897
display  D   display_settings.c:212  debug_display_settings           [   0.01837] color: 32 (rgba 8880), depth: 24, stencil: 8, acc: 0000, samples: 0/0
display  D   display_settings.c:527  _al_score_display_settings       [   0.01839] Score is : 897
display  D   display_settings.c:212  debug_display_settings           [   0.01841] color: 32 (rgba 8880), depth: 24, stencil: 0, acc: 0000, samples: 0/0
display  D   display_settings.c:527  _al_score_display_settings       [   0.01844] Score is : 897
display  D   display_settings.c:212  debug_display_settings           [   0.01846] color: 32 (rgba 8880), depth: 24, stencil: 0, acc: 0000, samples: 0/0
display  D   display_settings.c:527  _al_score_display_settings       [   0.01849] Score is : 897
display  D   display_settings.c:212  debug_display_settings           [   0.01851] color: 32 (rgba 8880), depth: 16, stencil: 0, acc: 0000, samples: 0/0
display  D   display_settings.c:527  _al_score_display_settings       [   0.01854] Score is : 897
display  D   display_settings.c:212  debug_display_settings           [   0.01856] color: 32 (rgba 8880), depth: 16, stencil: 0, acc: 0000, samples: 0/0
display  D   display_settings.c:527  _al_score_display_settings       [   0.01858] Score is : 897
display  D   display_settings.c:212  debug_display_settings           [   0.01860] color: 16 (rgba 5650), depth: 0, stencil: 0, acc: 0000, samples: 0/0
display  D   display_settings.c:527  _al_score_display_settings       [   0.01868] Score is : 897
display  D   display_settings.c:212  debug_display_settings           [   0.01870] color: 16 (rgba 5650), depth: 0, stencil: 0, acc: 0000, samples: 0/0
display  D   display_settings.c:527  _al_score_display_settings       [   0.01873] Score is : 897
display  D   display_settings.c:212  debug_display_settings           [   0.01875] color: 16 (rgba 5650), depth: 24, stencil: 8, acc: 0000, samples: 0/0
display  D   display_settings.c:527  _al_score_display_settings       [   0.01879] Score is : 897
display  D   display_settings.c:212  debug_display_settings           [   0.01881] color: 16 (rgba 5650), depth: 24, stencil: 8, acc: 0000, samples: 0/0
display  D   display_settings.c:527  _al_score_display_settings       [   0.01884] Score is : 897
display  D   display_settings.c:212  debug_display_settings           [   0.01886] color: 16 (rgba 5650), depth: 24, stencil: 0, acc: 0000, samples: 0/0
display  D   display_settings.c:527  _al_score_display_settings       [   0.01889] Score is : 897
display  D   display_settings.c:212  debug_display_settings           [   0.01893] color: 16 (rgba 5650), depth: 24, stencil: 0, acc: 0000, samples: 0/0
display  D   display_settings.c:527  _al_score_display_settings       [   0.01900] Score is : 897
display  D   display_settings.c:212  debug_display_settings           [   0.01902] color: 16 (rgba 5650), depth: 16, stencil: 0, acc: 0000, samples: 0/0
display  D   display_settings.c:527  _al_score_display_settings       [   0.01905] Score is : 897
display  D   display_settings.c:212  debug_display_settings           [   0.01907] color: 16 (rgba 5650), depth: 16, stencil: 0, acc: 0000, samples: 0/0
display  D   display_settings.c:527  _al_score_display_settings       [   0.01911] Score is : 897
display  D   display_settings.c:212  debug_display_settings           [   0.01913] color: 32 (rgba 8880), depth: 0, stencil: 0, acc: 0000, samples: 0/0
display  D   display_settings.c:398  _al_score_display_settings       [   0.01916] Single Buffer requirement not met.
display  D   display_settings.c:212  debug_display_settings           [   0.01919] color: 32 (rgba 8880), depth: 0, stencil: 0, acc: 0000, samples: 0/0
display  D   display_settings.c:398  _al_score_display_settings       [   0.01923] Single Buffer requirement not met.
display  D   display_settings.c:212  debug_display_settings           [   0.01925] color: 32 (rgba 8880), depth: 24, stencil: 8, acc: 0000, samples: 0/0
display  D   display_settings.c:398  _al_score_display_settings       [   0.01930] Single Buffer requirement not met.
display  D   display_settings.c:212  debug_display_settings           [   0.01932] color: 32 (rgba 8880), depth: 24, stencil: 8, acc: 0000, samples: 0/0
display  D   display_settings.c:398  _al_score_display_settings       [   0.01935] Single Buffer requirement not met.
display  D   display_settings.c:212  debug_display_settings           [   0.01937] color: 32 (rgba 8880), depth: 24, stencil: 0, acc: 0000, samples: 0/0
display  D   display_settings.c:398  _al_score_display_settings       [   0.01940] Single Buffer requirement not met.
display  D   display_settings.c:212  debug_display_settings           [   0.01942] color: 32 (rgba 8880), depth: 24, stencil: 0, acc: 0000, samples: 0/0
display  D   display_settings.c:398  _al_score_display_settings       [   0.01946] Single Buffer requirement not met.
display  D   display_settings.c:212  debug_display_settings           [   0.01948] color: 32 (rgba 8880), depth: 16, stencil: 0, acc: 0000, samples: 0/0
display  D   display_settings.c:398  _al_score_display_settings       [   0.01954] Single Buffer requirement not met.
display  D   display_settings.c:212  debug_display_settings           [   0.01956] color: 32 (rgba 8880), depth: 16, stencil: 0, acc: 0000, samples: 0/0
display  D   display_settings.c:398  _al_score_display_settings       [   0.01959] Single Buffer requirement not met.
display  D   display_settings.c:212  debug_display_settings           [   0.01963] color: 16 (rgba 5650), depth: 0, stencil: 0, acc: 0000, samples: 0/0
display  D   display_settings.c:398  _al_score_display_settings       [   0.01969] Single Buffer requirement not met.
display  D   display_settings.c:212  debug_display_settings           [   0.01971] color: 16 (rgba 5650), depth: 0, stencil: 0, acc: 0000, samples: 0/0
display  D   display_settings.c:398  _al_score_display_settings       [   0.01974] Single Buffer requirement not met.
display  D   display_settings.c:212  debug_display_settings           [   0.01976] color: 16 (rgba 5650), depth: 24, stencil: 8, acc: 0000, samples: 0/0
display  D   display_settings.c:398  _al_score_display_settings       [   0.01979] Single Buffer requirement not met.
display  D   display_settings.c:212  debug_display_settings           [   0.01982] color: 16 (rgba 5650), depth: 24, stencil: 8, acc: 0000, samples: 0/0
display  D   display_settings.c:398  _al_score_display_settings       [   0.01984] Single Buffer requirement not met.
display  D   display_settings.c:212  debug_display_settings           [   0.01988] color: 16 (rgba 5650), depth: 24, stencil: 0, acc: 0000, samples: 0/0
display  D   display_settings.c:398  _al_score_display_settings       [   0.01990] Single Buffer requirement not met.
display  D   display_settings.c:212  debug_display_settings           [   0.01993] color: 16 (rgba 5650), depth: 24, stencil: 0, acc: 0000, samples: 0/0
display  D   display_settings.c:398  _al_score_display_settings       [   0.01997] Single Buffer requirement not met.
display  D   display_settings.c:212  debug_display_settings           [   0.01999] color: 16 (rgba 5650), depth: 16, stencil: 0, acc: 0000, samples: 0/0
display  D   display_settings.c:398  _al_score_display_settings       [   0.02002] Single Buffer requirement not met.
display  D   display_settings.c:212  debug_display_settings           [   0.02006] color: 16 (rgba 5650), depth: 16, stencil: 0, acc: 0000, samples: 0/0
display  D   display_settings.c:398  _al_score_display_settings       [   0.02011] Single Buffer requirement not met.
display  D   display_settings.c:212  debug_display_settings           [   0.02013] color: 32 (rgba 8880), depth: 0, stencil: 0, acc: 0000, samples: 0/0
display  D   display_settings.c:527  _al_score_display_settings       [   0.02016] Score is : 769
display  D   display_settings.c:212  debug_display_settings           [   0.02020] color: 32 (rgba 8880), depth: 0, stencil: 0, acc: 0000, samples: 0/0
display  D   display_settings.c:527  _al_score_display_settings       [   0.02023] Score is : 769
display  D   display_settings.c:212  debug_display_settings           [   0.02026] color: 32 (rgba 8880), depth: 24, stencil: 8, acc: 0000, samples: 0/0
display  D   display_settings.c:527  _al_score_display_settings       [   0.02029] Score is : 769
display  D   display_settings.c:212  debug_display_settings           [   0.02031] color: 32 (rgba 8880), depth: 24, stencil: 8, acc: 0000, samples: 0/0
display  D   display_settings.c:527  _al_score_display_settings       [   0.02034] Score is : 769
display  D   display_settings.c:212  debug_display_settings           [   0.02036] color: 32 (rgba 8880), depth: 24, stencil: 0, acc: 0000, samples: 0/0
display  D   display_settings.c:527  _al_score_display_settings       [   0.02038] Score is : 769
display  D   display_settings.c:212  debug_display_settings           [   0.02040] color: 32 (rgba 8880), depth: 24, stencil: 0, acc: 0000, samples: 0/0
display  D   display_settings.c:527  _al_score_display_settings       [   0.02043] Score is : 769
display  D   display_settings.c:212  debug_display_settings           [   0.02045] color: 32 (rgba 8880), depth: 16, stencil: 0, acc: 0000, samples: 0/0
display  D   display_settings.c:527  _al_score_display_settings       [   0.02048] Score is : 769
display  D   display_settings.c:212  debug_display_settings           [   0.02050] color: 32 (rgba 8880), depth: 16, stencil: 0, acc: 0000, samples: 0/0
display  D   display_settings.c:527  _al_score_display_settings       [   0.02056] Score is : 769
display  D   display_settings.c:212  debug_display_settings           [   0.02060] color: 16 (rgba 5650), depth: 0, stencil: 0, acc: 0000, samples: 0/0
display  D   display_settings.c:527  _al_score_display_settings       [   0.02065] Score is : 769
display  D   display_settings.c:212  debug_display_settings           [   0.02067] color: 16 (rgba 5650), depth: 0, stencil: 0, acc: 0000, samples: 0/0
display  D   display_settings.c:527  _al_score_display_settings       [   0.02071] Score is : 769
display  D   display_settings.c:212  debug_display_settings           [   0.02073] color: 16 (rgba 5650), depth: 24, stencil: 8, acc: 0000, samples: 0/0
display  D   display_settings.c:527  _al_score_display_settings       [   0.02079] Score is : 769
display  D   display_settings.c:212  debug_display_settings           [   0.02081] color: 16 (rgba 5650), depth: 24, stencil: 8, acc: 0000, samples: 0/0
display  D   display_settings.c:527  _al_score_display_settings       [   0.02085] Score is : 769
display  D   display_settings.c:212  debug_display_settings           [   0.02087] color: 16 (rgba 5650), depth: 24, stencil: 0, acc: 0000, samples: 0/0
display  D   display_settings.c:527  _al_score_display_settings       [   0.02090] Score is : 769
display  D   display_settings.c:212  debug_display_settings           [   0.02092] color: 16 (rgba 5650), depth: 24, stencil: 0, acc: 0000, samples: 0/0
display  D   display_settings.c:527  _al_score_display_settings       [   0.02094] Score is : 769
display  D   display_settings.c:212  debug_display_settings           [   0.02096] color: 16 (rgba 5650), depth: 16, stencil: 0, acc: 0000, samples: 0/0
display  D   display_settings.c:527  _al_score_display_settings       [   0.02099] Score is : 769
display  D   display_settings.c:212  debug_display_settings           [   0.02101] color: 16 (rgba 5650), depth: 16, stencil: 0, acc: 0000, samples: 0/0
display  D   display_settings.c:527  _al_score_display_settings       [   0.02104] Score is : 769
display  D   display_settings.c:212  debug_display_settings           [   0.02105] color: 32 (rgba 8880), depth: 0, stencil: 0, acc: 0000, samples: 0/0
display  D   display_settings.c:398  _al_score_display_settings       [   0.02108] Single Buffer requirement not met.
display  D   display_settings.c:212  debug_display_settings           [   0.02110] color: 32 (rgba 8880), depth: 0, stencil: 0, acc: 0000, samples: 0/0
display  D   display_settings.c:398  _al_score_display_settings       [   0.02115] Single Buffer requirement not met.
display  D   display_settings.c:212  debug_display_settings           [   0.02118] color: 32 (rgba 8880), depth: 24, stencil: 8, acc: 0000, samples: 0/0
display  D   display_settings.c:398  _al_score_display_settings       [   0.02122] Single Buffer requirement not met.
display  D   display_settings.c:212  debug_display_settings           [   0.02124] color: 32 (rgba 8880), depth: 24, stencil: 8, acc: 0000, samples: 0/0
display  D   display_settings.c:398  _al_score_display_settings       [   0.02126] Single Buffer requirement not met.
display  D   display_settings.c:212  debug_display_settings           [   0.02128] color: 32 (rgba 8880), depth: 24, stencil: 0, acc: 0000, samples: 0/0
display  D   display_settings.c:398  _al_score_display_settings       [   0.02131] Single Buffer requirement not met.
display  D   display_settings.c:212  debug_display_settings           [   0.02133] color: 32 (rgba 8880), depth: 24, stencil: 0, acc: 0000, samples: 0/0
display  D   display_settings.c:398  _al_score_display_settings       [   0.02136] Single Buffer requirement not met.
display  D   display_settings.c:212  debug_display_settings           [   0.02138] color: 32 (rgba 8880), depth: 16, stencil: 0, acc: 0000, samples: 0/0
display  D   display_settings.c:398  _al_score_display_settings       [   0.02140] Single Buffer requirement not met.
display  D   display_settings.c:212  debug_display_settings           [   0.02147] color: 32 (rgba 8880), depth: 16, stencil: 0, acc: 0000, samples: 0/0
display  D   display_settings.c:398  _al_score_display_settings       [   0.02150] Single Buffer requirement not met.
display  D   display_settings.c:212  debug_display_settings           [   0.02152] color: 16 (rgba 5650), depth: 0, stencil: 0, acc: 0000, samples: 0/0
display  D   display_settings.c:398  _al_score_display_settings       [   0.02155] Single Buffer requirement not met.
display  D   display_settings.c:212  debug_display_settings           [   0.02157] color: 16 (rgba 5650), depth: 0, stencil: 0, acc: 0000, samples: 0/0
display  D   display_settings.c:398  _al_score_display_settings       [   0.02159] Single Buffer requirement not met.
display  D   display_settings.c:212  debug_display_settings           [   0.02161] color: 16 (rgba 5650), depth: 24, stencil: 8, acc: 0000, samples: 0/0
display  D   display_settings.c:398  _al_score_display_settings       [   0.02164] Single Buffer requirement not met.
display  D   display_settings.c:212  debug_display_settings           [   0.02166] color: 16 (rgba 5650), depth: 24, stencil: 8, acc: 0000, samples: 0/0
display  D   display_settings.c:398  _al_score_display_settings       [   0.02168] Single Buffer requirement not met.
display  D   display_settings.c:212  debug_display_settings           [   0.02170] color: 16 (rgba 5650), depth: 24, stencil: 0, acc: 0000, samples: 0/0
display  D   display_settings.c:398  _al_score_display_settings       [   0.02173] Single Buffer requirement not met.
display  D   display_settings.c:212  debug_display_settings           [   0.02175] color: 16 (rgba 5650), depth: 24, stencil: 0, acc: 0000, samples: 0/0
display  D   display_settings.c:398  _al_score_display_settings       [   0.02178] Single Buffer requirement not met.
display  D   display_settings.c:212  debug_display_settings           [   0.02180] color: 16 (rgba 5650), depth: 16, stencil: 0, acc: 0000, samples: 0/0
display  D   display_settings.c:398  _al_score_display_settings       [   0.02182] Single Buffer requirement not met.
display  D   display_settings.c:212  debug_display_settings           [   0.02184] color: 16 (rgba 5650), depth: 16, stencil: 0, acc: 0000, samples: 0/0
display  D   display_settings.c:398  _al_score_display_settings       [   0.02187] Single Buffer requirement not met.
d3d      D         d3d_disp.cpp:1668 d3d_create_display_internals     [   0.02191] Trying format 0.
d3d      I         d3d_disp.cpp:1344 d3d_display_thread_proc          [   0.02223] Chose a display format: 23
d3d      I         d3d_disp.cpp:1413 d3d_display_thread_proc          [   0.02227] Normal window.
d3d      I         d3d_disp.cpp:781  d3d_create_device                [   0.04823] Using no depth stencil buffer
d3d      D         d3d_disp.cpp:839  d3d_create_device                [   0.06492] BeginScene succeeded in create_device
d3d      D         d3d_disp.cpp:847  d3d_create_device                [   0.06498] Success
d3d      D         d3d_disp.cpp:1691 d3d_create_display_internals     [   0.06503] Resumed after wait.
d3d      I         d3d_disp.cpp:1724 d3d_create_display_internals     [   0.06510] Format 0 succeeded.
d3d      D         d3d_disp.cpp:1755 d3d_create_display_internals     [   0.06517] Returning d3d_display: 002F5ED0
d3d      D         d3d_disp.cpp:1780 d3d_create_display_locked        [   0.06520] al_display=002F5ED0
d3d      D         d3d_disp.cpp:1781 d3d_create_display_locked        [   0.06523] al_display->vt=002AF1A8
system   D            wsystem.c:802  maybe_parent_dir                 [   0.06547] Also searching D:\Users\mayco\Desktop\Desenvolvimento\UNISAL\Estrutura De Dados\Jogos De Cartas\estrutura-cartas\
system   D            wsystem.c:852  _al_win_safe_load_library        [   0.06560] PathFindOnPath found: C:\WINDOWS\system32\d3dx9_43.dll
system   D            wsystem.c:763  load_library_at_path             [   0.06562] Calling LoadLibrary C:\WINDOWS\system32\d3dx9_43.dll
system   I            wsystem.c:766  load_library_at_path             [   0.06628] Loaded C:\WINDOWS\system32\d3dx9_43.dll
d3dx9    I        d3d_d3dx9.cpp:88   _imp_load_d3dx9_module_version   [   0.06632] Module "d3dx9_43.dll" loaded.
d3d      I         d3d_disp.cpp:1768 d3d_create_display_locked        [   0.06711] faux_fullscreen=0
d3d      D         d3d_disp.cpp:1769 d3d_create_display_locked        [   0.06713] al_display=026C07D0
d3d      D         d3d_disp.cpp:1770 d3d_create_display_locked        [   0.06715] al_display->vt=002AF1A8
d3d      I d3d_display_formats.cpp:144  _al_d3d_generate_display_format_list [   0.06722] found 64 format combinations
display  D   display_settings.c:212  debug_display_settings           [   0.06723] color: 32 (rgba 8880), depth: 0, stencil: 0, acc: 0000, samples: 0/0
display  D   display_settings.c:527  _al_score_display_settings       [   0.06726] Score is : 897
display  D   display_settings.c:212  debug_display_settings           [   0.06727] color: 32 (rgba 8880), depth: 0, stencil: 0, acc: 0000, samples: 0/0
display  D   display_settings.c:527  _al_score_display_settings       [   0.06729] Score is : 897
display  D   display_settings.c:212  debug_display_settings           [   0.06730] color: 32 (rgba 8880), depth: 24, stencil: 8, acc: 0000, samples: 0/0
display  D   display_settings.c:527  _al_score_display_settings       [   0.06732] Score is : 897
display  D   display_settings.c:212  debug_display_settings           [   0.06733] color: 32 (rgba 8880), depth: 24, stencil: 8, acc: 0000, samples: 0/0
display  D   display_settings.c:527  _al_score_display_settings       [   0.06735] Score is : 897
display  D   display_settings.c:212  debug_display_settings           [   0.06736] color: 32 (rgba 8880), depth: 24, stencil: 0, acc: 0000, samples: 0/0
display  D   display_settings.c:527  _al_score_display_settings       [   0.06738] Score is : 897
display  D   display_settings.c:212  debug_display_settings           [   0.06740] color: 32 (rgba 8880), depth: 24, stencil: 0, acc: 0000, samples: 0/0
display  D   display_settings.c:527  _al_score_display_settings       [   0.06742] Score is : 897
display  D   display_settings.c:212  debug_display_settings           [   0.06743] color: 32 (rgba 8880), depth: 16, stencil: 0, acc: 0000, samples: 0/0
display  D   display_settings.c:527  _al_score_display_settings       [   0.06747] Score is : 897
display  D   display_settings.c:212  debug_display_settings           [   0.06749] color: 32 (rgba 8880), depth: 16, stencil: 0, acc: 0000, samples: 0/0
display  D   display_settings.c:527  _al_score_display_settings       [   0.06751] Score is : 897
display  D   display_settings.c:212  debug_display_settings           [   0.06752] color: 16 (rgba 5650), depth: 0, stencil: 0, acc: 0000, samples: 0/0
display  D   display_settings.c:527  _al_score_display_settings       [   0.06754] Score is : 897
display  D   display_settings.c:212  debug_display_settings           [   0.06755] color: 16 (rgba 5650), depth: 0, stencil: 0, acc: 0000, samples: 0/0
display  D   display_settings.c:527  _al_score_display_settings       [   0.06757] Score is : 897
display  D   display_settings.c:212  debug_display_settings           [   0.06758] color: 16 (rgba 5650), depth: 24, stencil: 8, acc: 0000, samples: 0/0
display  D   display_settings.c:527  _al_score_display_settings       [   0.06760] Score is : 897
display  D   display_settings.c:212  debug_display_settings           [   0.06762] color: 16 (rgba 5650), depth: 24, stencil: 8, acc: 0000, samples: 0/0
display  D   display_settings.c:527  _al_score_display_settings       [   0.06763] Score is : 897
display  D   display_settings.c:212  debug_display_settings           [   0.06765] color: 16 (rgba 5650), depth: 24, stencil: 0, acc: 0000, samples: 0/0
display  D   display_settings.c:527  _al_score_display_settings       [   0.06767] Score is : 897
display  D   display_settings.c:212  debug_display_settings           [   0.06768] color: 16 (rgba 5650), depth: 24, stencil: 0, acc: 0000, samples: 0/0
display  D   display_settings.c:527  _al_score_display_settings       [   0.06770] Score is : 897
display  D   display_settings.c:212  debug_display_settings           [   0.06772] color: 16 (rgba 5650), depth: 16, stencil: 0, acc: 0000, samples: 0/0
display  D   display_settings.c:527  _al_score_display_settings       [   0.06774] Score is : 897
display  D   display_settings.c:212  debug_display_settings           [   0.06775] color: 16 (rgba 5650), depth: 16, stencil: 0, acc: 0000, samples: 0/0
display  D   display_settings.c:527  _al_score_display_settings       [   0.06777] Score is : 897
display  D   display_settings.c:212  debug_display_settings           [   0.06778] color: 32 (rgba 8880), depth: 0, stencil: 0, acc: 0000, samples: 0/0
display  D   display_settings.c:398  _al_score_display_settings       [   0.06780] Single Buffer requirement not met.
display  D   display_settings.c:212  debug_display_settings           [   0.06781] color: 32 (rgba 8880), depth: 0, stencil: 0, acc: 0000, samples: 0/0
display  D   display_settings.c:398  _al_score_display_settings       [   0.06783] Single Buffer requirement not met.
display  D   display_settings.c:212  debug_display_settings           [   0.06785] color: 32 (rgba 8880), depth: 24, stencil: 8, acc: 0000, samples: 0/0
display  D   display_settings.c:398  _al_score_display_settings       [   0.06787] Single Buffer requirement not met.
display  D   display_settings.c:212  debug_display_settings           [   0.06788] color: 32 (rgba 8880), depth: 24, stencil: 8, acc: 0000, samples: 0/0
display  D   display_settings.c:398  _al_score_display_settings       [   0.06790] Single Buffer requirement not met.
display  D   display_settings.c:212  debug_display_settings           [   0.06791] color: 32 (rgba 8880), depth: 24, stencil: 0, acc: 0000, samples: 0/0
display  D   display_settings.c:398  _al_score_display_settings       [   0.06793] Single Buffer requirement not met.
display  D   display_settings.c:212  debug_display_settings           [   0.06795] color: 32 (rgba 8880), depth: 24, stencil: 0, acc: 0000, samples: 0/0
display  D   display_settings.c:398  _al_score_display_settings       [   0.06797] Single Buffer requirement not met.
display  D   display_settings.c:212  debug_display_settings           [   0.06798] color: 32 (rgba 8880), depth: 16, stencil: 0, acc: 0000, samples: 0/0
display  D   display_settings.c:398  _al_score_display_settings       [   0.06800] Single Buffer requirement not met.
display  D   display_settings.c:212  debug_display_settings           [   0.06802] color: 32 (rgba 8880), depth: 16, stencil: 0, acc: 0000, samples: 0/0
display  D   display_settings.c:398  _al_score_display_settings       [   0.06804] Single Buffer requirement not met.
display  D   display_settings.c:212  debug_display_settings           [   0.06805] color: 16 (rgba 5650), depth: 0, stencil: 0, acc: 0000, samples: 0/0
display  D   display_settings.c:398  _al_score_display_settings       [   0.06807] Single Buffer requirement not met.
display  D   display_settings.c:212  debug_display_settings           [   0.06808] color: 16 (rgba 5650), depth: 0, stencil: 0, acc: 0000, samples: 0/0
display  D   display_settings.c:398  _al_score_display_settings       [   0.06810] Single Buffer requirement not met.
display  D   display_settings.c:212  debug_display_settings           [   0.06812] color: 16 (rgba 5650), depth: 24, stencil: 8, acc: 0000, samples: 0/0
display  D   display_settings.c:398  _al_score_display_settings       [   0.06813] Single Buffer requirement not met.
display  D   display_settings.c:212  debug_display_settings           [   0.06815] color: 16 (rgba 5650), depth: 24, stencil: 8, acc: 0000, samples: 0/0
display  D   display_settings.c:398  _al_score_display_settings       [   0.06817] Single Buffer requirement not met.
display  D   display_settings.c:212  debug_display_settings           [   0.06818] color: 16 (rgba 5650), depth: 24, stencil: 0, acc: 0000, samples: 0/0
display  D   display_settings.c:398  _al_score_display_settings       [   0.06820] Single Buffer requirement not met.
display  D   display_settings.c:212  debug_display_settings           [   0.06822] color: 16 (rgba 5650), depth: 24, stencil: 0, acc: 0000, samples: 0/0
display  D   display_settings.c:398  _al_score_display_settings       [   0.06824] Single Buffer requirement not met.
display  D   display_settings.c:212  debug_display_settings           [   0.06825] color: 16 (rgba 5650), depth: 16, stencil: 0, acc: 0000, samples: 0/0
display  D   display_settings.c:398  _al_score_display_settings       [   0.06827] Single Buffer requirement not met.
display  D   display_settings.c:212  debug_display_settings           [   0.06828] color: 16 (rgba 5650), depth: 16, stencil: 0, acc: 0000, samples: 0/0
display  D   display_settings.c:398  _al_score_display_settings       [   0.06830] Single Buffer requirement not met.
display  D   display_settings.c:212  debug_display_settings           [   0.06832] color: 32 (rgba 8880), depth: 0, stencil: 0, acc: 0000, samples: 0/0
display  D   display_settings.c:527  _al_score_display_settings       [   0.06834] Score is : 769
display  D   display_settings.c:212  debug_display_settings           [   0.06835] color: 32 (rgba 8880), depth: 0, stencil: 0, acc: 0000, samples: 0/0
display  D   display_settings.c:527  _al_score_display_settings       [   0.06837] Score is : 769
display  D   display_settings.c:212  debug_display_settings           [   0.06838] color: 32 (rgba 8880), depth: 24, stencil: 8, acc: 0000, samples: 0/0
display  D   display_settings.c:527  _al_score_display_settings       [   0.06840] Score is : 769
display  D   display_settings.c:212  debug_display_settings           [   0.06841] color: 32 (rgba 8880), depth: 24, stencil: 8, acc: 0000, samples: 0/0
display  D   display_settings.c:527  _al_score_display_settings       [   0.06843] Score is : 769
display  D   display_settings.c:212  debug_display_settings           [   0.06845] color: 32 (rgba 8880), depth: 24, stencil: 0, acc: 0000, samples: 0/0
display  D   display_settings.c:527  _al_score_display_settings       [   0.06846] Score is : 769
display  D   display_settings.c:212  debug_display_settings           [   0.06848] color: 32 (rgba 8880), depth: 24, stencil: 0, acc: 0000, samples: 0/0
display  D   display_settings.c:527  _al_score_display_settings       [   0.06850] Score is : 769
display  D   display_settings.c:212  debug_display_settings           [   0.06851] color: 32 (rgba 8880), depth: 16, stencil: 0, acc: 0000, samples: 0/0
display  D   display_settings.c:527  _al_score_display_settings       [   0.06853] Score is : 769
display  D   display_settings.c:212  debug_display_settings           [   0.06854] color: 32 (rgba 8880), depth: 16, stencil: 0, acc: 0000, samples: 0/0
display  D   display_settings.c:527  _al_score_display_settings       [   0.06856] Score is : 769
display  D   display_settings.c:212  debug_display_settings           [   0.06857] color: 16 (rgba 5650), depth: 0, stencil: 0, acc: 0000, samples: 0/0
display  D   display_settings.c:527  _al_score_display_settings       [   0.06859] Score is : 769
display  D   display_settings.c:212  debug_display_settings           [   0.06861] color: 16 (rgba 5650), depth: 0, stencil: 0, acc: 0000, samples: 0/0
display  D   display_settings.c:527  _al_score_display_settings       [   0.06862] Score is : 769
display  D   display_settings.c:212  debug_display_settings           [   0.06864] color: 16 (rgba 5650), depth: 24, stencil: 8, acc: 0000, samples: 0/0
display  D   display_settings.c:527  _al_score_display_settings       [   0.06866] Score is : 769
display  D   display_settings.c:212  debug_display_settings           [   0.06867] color: 16 (rgba 5650), depth: 24, stencil: 8, acc: 0000, samples: 0/0
display  D   display_settings.c:527  _al_score_display_settings       [   0.06869] Score is : 769
display  D   display_settings.c:212  debug_display_settings           [   0.06870] color: 16 (rgba 5650), depth: 24, stencil: 0, acc: 0000, samples: 0/0
display  D   display_settings.c:527  _al_score_display_settings       [   0.06872] Score is : 769
display  D   display_settings.c:212  debug_display_settings           [   0.06877] color: 16 (rgba 5650), depth: 24, stencil: 0, acc: 0000, samples: 0/0
display  D   display_settings.c:527  _al_score_display_settings       [   0.06879] Score is : 769
display  D   display_settings.c:212  debug_display_settings           [   0.06881] color: 16 (rgba 5650), depth: 16, stencil: 0, acc: 0000, samples: 0/0
display  D   display_settings.c:527  _al_score_display_settings       [   0.06882] Score is : 769
display  D   display_settings.c:212  debug_display_settings           [   0.06884] color: 16 (rgba 5650), depth: 16, stencil: 0, acc: 0000, samples: 0/0
display  D   display_settings.c:527  _al_score_display_settings       [   0.06886] Score is : 769
display  D   display_settings.c:212  debug_display_settings           [   0.06887] color: 32 (rgba 8880), depth: 0, stencil: 0, acc: 0000, samples: 0/0
display  D   display_settings.c:398  _al_score_display_settings       [   0.06889] Single Buffer requirement not met.
display  D   display_settings.c:212  debug_display_settings           [   0.06890] color: 32 (rgba 8880), depth: 0, stencil: 0, acc: 0000, samples: 0/0
display  D   display_settings.c:398  _al_score_display_settings       [   0.06892] Single Buffer requirement not met.
display  D   display_settings.c:212  debug_display_settings           [   0.06893] color: 32 (rgba 8880), depth: 24, stencil: 8, acc: 0000, samples: 0/0
display  D   display_settings.c:398  _al_score_display_settings       [   0.06895] Single Buffer requirement not met.
display  D   display_settings.c:212  debug_display_settings           [   0.06897] color: 32 (rgba 8880), depth: 24, stencil: 8, acc: 0000, samples: 0/0
display  D   display_settings.c:398  _al_score_display_settings       [   0.06899] Single Buffer requirement not met.
display  D   display_settings.c:212  debug_display_settings           [   0.06903] color: 32 (rgba 8880), depth: 24, stencil: 0, acc: 0000, samples: 0/0
display  D   display_settings.c:398  _al_score_display_settings       [   0.06905] Single Buffer requirement not met.
display  D   display_settings.c:212  debug_display_settings           [   0.06908] color: 32 (rgba 8880), depth: 24, stencil: 0, acc: 0000, samples: 0/0
display  D   display_settings.c:398  _al_score_display_settings       [   0.06910] Single Buffer requirement not met.
display  D   display_settings.c:212  debug_display_settings           [   0.06911] color: 32 (rgba 8880), depth: 16, stencil: 0, acc: 0000, samples: 0/0
display  D   display_settings.c:398  _al_score_display_settings       [   0.06913] Single Buffer requirement not met.
display  D   display_settings.c:212  debug_display_settings           [   0.06915] color: 32 (rgba 8880), depth: 16, stencil: 0, acc: 0000, samples: 0/0
display  D   display_settings.c:398  _al_score_display_settings       [   0.06916] Single Buffer requirement not met.
display  D   display_settings.c:212  debug_display_settings           [   0.06918] color: 16 (rgba 5650), depth: 0, stencil: 0, acc: 0000, samples: 0/0
display  D   display_settings.c:398  _al_score_display_settings       [   0.06920] Single Buffer requirement not met.
display  D   display_settings.c:212  debug_display_settings           [   0.06921] color: 16 (rgba 5650), depth: 0, stencil: 0, acc: 0000, samples: 0/0
display  D   display_settings.c:398  _al_score_display_settings       [   0.06923] Single Buffer requirement not met.
display  D   display_settings.c:212  debug_display_settings           [   0.06924] color: 16 (rgba 5650), depth: 24, stencil: 8, acc: 0000, samples: 0/0
display  D   display_settings.c:398  _al_score_display_settings       [   0.06926] Single Buffer requirement not met.
display  D   display_settings.c:212  debug_display_settings           [   0.06928] color: 16 (rgba 5650), depth: 24, stencil: 8, acc: 0000, samples: 0/0
display  D   display_settings.c:398  _al_score_display_settings       [   0.06930] Single Buffer requirement not met.
display  D   display_settings.c:212  debug_display_settings           [   0.06931] color: 16 (rgba 5650), depth: 24, stencil: 0, acc: 0000, samples: 0/0
display  D   display_settings.c:398  _al_score_display_settings       [   0.06933] Single Buffer requirement not met.
display  D   display_settings.c:212  debug_display_settings           [   0.06935] color: 16 (rgba 5650), depth: 24, stencil: 0, acc: 0000, samples: 0/0
display  D   display_settings.c:398  _al_score_display_settings       [   0.06937] Single Buffer requirement not met.
display  D   display_settings.c:212  debug_display_settings           [   0.06938] color: 16 (rgba 5650), depth: 16, stencil: 0, acc: 0000, samples: 0/0
display  D   display_settings.c:398  _al_score_display_settings       [   0.06940] Single Buffer requirement not met.
display  D   display_settings.c:212  debug_display_settings           [   0.06941] color: 16 (rgba 5650), depth: 16, stencil: 0, acc: 0000, samples: 0/0
display  D   display_settings.c:398  _al_score_display_settings       [   0.06943] Single Buffer requirement not met.
d3d      D         d3d_disp.cpp:1668 d3d_create_display_internals     [   0.06945] Trying format 0.
d3d      I         d3d_disp.cpp:1344 d3d_display_thread_proc          [   0.06978] Chose a display format: 23
d3d      I         d3d_disp.cpp:1413 d3d_display_thread_proc          [   0.06982] Normal window.
d3d      I         d3d_disp.cpp:781  d3d_create_device                [   0.08377] Using no depth stencil buffer
d3d      D         d3d_disp.cpp:839  d3d_create_device                [   0.09723] BeginScene succeeded in create_device
d3d      D         d3d_disp.cpp:847  d3d_create_device                [   0.09726] Success
d3d      D         d3d_disp.cpp:1691 d3d_create_display_internals     [   0.09731] Resumed after wait.
d3d      I         d3d_disp.cpp:1724 d3d_create_display_internals     [   0.09736] Format 0 succeeded.
d3d      D         d3d_disp.cpp:1755 d3d_create_display_internals     [   0.09740] Returning d3d_display: 026C07D0
d3d      D         d3d_disp.cpp:1780 d3d_create_display_locked        [   0.09743] al_display=026C07D0
d3d      D         d3d_disp.cpp:1781 d3d_create_display_locked        [   0.09745] al_display->vt=002AF1A8
stdio    D         file_stdio.c:110  file_stdio_fopen                 [   0.09757] opening ../background.jpg rb
stdio    D         file_stdio.c:110  file_stdio_fopen                 [   0.09790] opening ../background.jpg rb
d3d      D         d3d_disp.cpp:1188 real_choose_bitmap_format        [   0.09822] Fake format
d3d      D         d3d_disp.cpp:1188 real_choose_bitmap_format        [   0.09824] Fake format
d3d      D         d3d_disp.cpp:1188 real_choose_bitmap_format        [   0.09825] Fake format
d3d      D         d3d_disp.cpp:1188 real_choose_bitmap_format        [   0.09827] Fake format
d3d      D         d3d_disp.cpp:1188 real_choose_bitmap_format        [   0.09835] Fake format
d3d      D         d3d_disp.cpp:1188 real_choose_bitmap_format        [   0.09838] Fake format
d3d      D         d3d_disp.cpp:1188 real_choose_bitmap_format        [   0.09840] Fake format
d3d      D         d3d_disp.cpp:1188 real_choose_bitmap_format        [   0.09843] Fake format
d3d      D         d3d_disp.cpp:1188 real_choose_bitmap_format        [   0.09845] Fake format
d3d      D         d3d_disp.cpp:1196 real_choose_bitmap_format        [   0.09847] Alpha doesn't match
d3d      D         d3d_disp.cpp:1203 real_choose_bitmap_format        [   0.09848] Adapter format is 23
d3d      D         d3d_disp.cpp:1206 real_choose_bitmap_format        [   0.09850] Found a format
d3d      I         d3d_disp.cpp:2377 d3d_create_bitmap                [   0.09851] Chose bitmap format 9
dtor     D               dtor.c:196  _al_register_destructor          [   0.10021] added dtor for bitmap 09C77A68, func 0FF823FB
stdio    D         file_stdio.c:110  file_stdio_fopen                 [   0.11377] opening ../Titulo.png rb
stdio    D         file_stdio.c:110  file_stdio_fopen                 [   0.11506] opening ../Titulo.png rb
d3d      D         d3d_disp.cpp:1188 real_choose_bitmap_format        [   0.11529] Fake format
d3d      D         d3d_disp.cpp:1188 real_choose_bitmap_format        [   0.11531] Fake format
d3d      D         d3d_disp.cpp:1188 real_choose_bitmap_format        [   0.11533] Fake format
d3d      D         d3d_disp.cpp:1188 real_choose_bitmap_format        [   0.11534] Fake format
d3d      D         d3d_disp.cpp:1188 real_choose_bitmap_format        [   0.11536] Fake format
d3d      D         d3d_disp.cpp:1188 real_choose_bitmap_format        [   0.11537] Fake format
d3d      D         d3d_disp.cpp:1188 real_choose_bitmap_format        [   0.11538] Fake format
d3d      D         d3d_disp.cpp:1188 real_choose_bitmap_format        [   0.11540] Fake format
d3d      D         d3d_disp.cpp:1188 real_choose_bitmap_format        [   0.11541] Fake format
d3d      D         d3d_disp.cpp:1196 real_choose_bitmap_format        [   0.11542] Alpha doesn't match
d3d      D         d3d_disp.cpp:1203 real_choose_bitmap_format        [   0.11544] Adapter format is 23
d3d      D         d3d_disp.cpp:1206 real_choose_bitmap_format        [   0.11545] Found a format
d3d      I         d3d_disp.cpp:2377 d3d_create_bitmap                [   0.11547] Chose bitmap format 9
dtor     D               dtor.c:196  _al_register_destructor          [   0.11608] added dtor for bitmap 09C693F8, func 0FF823FB
stdio    D         file_stdio.c:110  file_stdio_fopen                 [   0.12958] opening ../btn21.jpg rb
stdio    D         file_stdio.c:110  file_stdio_fopen                 [   0.12994] opening ../btn21.jpg rb
d3d      D         d3d_disp.cpp:1188 real_choose_bitmap_format        [   0.13015] Fake format
d3d      D         d3d_disp.cpp:1188 real_choose_bitmap_format        [   0.13016] Fake format
d3d      D         d3d_disp.cpp:1188 real_choose_bitmap_format        [   0.13018] Fake format
d3d      D         d3d_disp.cpp:1188 real_choose_bitmap_format        [   0.13019] Fake format
d3d      D         d3d_disp.cpp:1188 real_choose_bitmap_format        [   0.13020] Fake format
d3d      D         d3d_disp.cpp:1188 real_choose_bitmap_format        [   0.13022] Fake format
d3d      D         d3d_disp.cpp:1188 real_choose_bitmap_format        [   0.13023] Fake format
d3d      D         d3d_disp.cpp:1188 real_choose_bitmap_format        [   0.13024] Fake format
d3d      D         d3d_disp.cpp:1188 real_choose_bitmap_format        [   0.13026] Fake format
d3d      D         d3d_disp.cpp:1196 real_choose_bitmap_format        [   0.13027] Alpha doesn't match
d3d      D         d3d_disp.cpp:1203 real_choose_bitmap_format        [   0.13028] Adapter format is 23
d3d      D         d3d_disp.cpp:1206 real_choose_bitmap_format        [   0.13030] Found a format
d3d      I         d3d_disp.cpp:2377 d3d_create_bitmap                [   0.13031] Chose bitmap format 9
dtor     D               dtor.c:196  _al_register_destructor          [   0.13059] added dtor for bitmap 09C71088, func 0FF823FB
stdio    D         file_stdio.c:110  file_stdio_fopen                 [   0.13171] opening ../btnTrunfo.jpg rb
stdio    D         file_stdio.c:110  file_stdio_fopen                 [   0.13210] opening ../btnTrunfo.jpg rb
d3d      D         d3d_disp.cpp:1188 real_choose_bitmap_format        [   0.13232] Fake format
d3d      D         d3d_disp.cpp:1188 real_choose_bitmap_format        [   0.13234] Fake format
d3d      D         d3d_disp.cpp:1188 real_choose_bitmap_format        [   0.13235] Fake format
d3d      D         d3d_disp.cpp:1188 real_choose_bitmap_format        [   0.13236] Fake format
d3d      D         d3d_disp.cpp:1188 real_choose_bitmap_format        [   0.13238] Fake format
d3d      D         d3d_disp.cpp:1188 real_choose_bitmap_format        [   0.13239] Fake format
d3d      D         d3d_disp.cpp:1188 real_choose_bitmap_format        [   0.13240] Fake format
d3d      D         d3d_disp.cpp:1188 real_choose_bitmap_format        [   0.13242] Fake format
d3d      D         d3d_disp.cpp:1188 real_choose_bitmap_format        [   0.13243] Fake format
d3d      D         d3d_disp.cpp:1196 real_choose_bitmap_format        [   0.13245] Alpha doesn't match
d3d      D         d3d_disp.cpp:1203 real_choose_bitmap_format        [   0.13246] Adapter format is 23
d3d      D         d3d_disp.cpp:1206 real_choose_bitmap_format        [   0.13248] Found a format
d3d      I         d3d_disp.cpp:2377 d3d_create_bitmap                [   0.13249] Chose bitmap format 9
dtor     D               dtor.c:196  _al_register_destructor          [   0.13276] added dtor for bitmap 09C6BD28, func 0FF823FB
stdio    D         file_stdio.c:110  file_stdio_fopen                 [   0.13326] opening ../btnComoJogar.jpg rb
stdio    D         file_stdio.c:110  file_stdio_fopen                 [   0.13347] opening ../btnComoJogar.jpg rb
d3d      D         d3d_disp.cpp:1188 real_choose_bitmap_format        [   0.13364] Fake format
d3d      D         d3d_disp.cpp:1188 real_choose_bitmap_format        [   0.13366] Fake format
d3d      D         d3d_disp.cpp:1188 real_choose_bitmap_format        [   0.13367] Fake format
d3d      D         d3d_disp.cpp:1188 real_choose_bitmap_format        [   0.13368] Fake format
d3d      D         d3d_disp.cpp:1188 real_choose_bitmap_format        [   0.13370] Fake format
d3d      D         d3d_disp.cpp:1188 real_choose_bitmap_format        [   0.13371] Fake format
d3d      D         d3d_disp.cpp:1188 real_choose_bitmap_format        [   0.13372] Fake format
d3d      D         d3d_disp.cpp:1188 real_choose_bitmap_format        [   0.13374] Fake format
d3d      D         d3d_disp.cpp:1188 real_choose_bitmap_format        [   0.13375] Fake format
d3d      D         d3d_disp.cpp:1196 real_choose_bitmap_format        [   0.13376] Alpha doesn't match
d3d      D         d3d_disp.cpp:1203 real_choose_bitmap_format        [   0.13378] Adapter format is 23
d3d      D         d3d_disp.cpp:1206 real_choose_bitmap_format        [   0.13379] Found a format
d3d      I         d3d_disp.cpp:2377 d3d_create_bitmap                [   0.13381] Chose bitmap format 9
dtor     D               dtor.c:196  _al_register_destructor          [   0.13403] added dtor for bitmap 09C6BEC8, func 0FF823FB
stdio    D         file_stdio.c:110  file_stdio_fopen                 [   0.13447] opening ../btnLeaderboards.jpg rb
stdio    D         file_stdio.c:110  file_stdio_fopen                 [   0.13466] opening ../btnLeaderboards.jpg rb
d3d      D         d3d_disp.cpp:1188 real_choose_bitmap_format        [   0.13484] Fake format
d3d      D         d3d_disp.cpp:1188 real_choose_bitmap_format        [   0.13485] Fake format
d3d      D         d3d_disp.cpp:1188 real_choose_bitmap_format        [   0.13487] Fake format
d3d      D         d3d_disp.cpp:1188 real_choose_bitmap_format        [   0.13488] Fake format
d3d      D         d3d_disp.cpp:1188 real_choose_bitmap_format        [   0.13489] Fake format
d3d      D         d3d_disp.cpp:1188 real_choose_bitmap_format        [   0.13491] Fake format
d3d      D         d3d_disp.cpp:1188 real_choose_bitmap_format        [   0.13492] Fake format
d3d      D         d3d_disp.cpp:1188 real_choose_bitmap_format        [   0.13493] Fake format
d3d      D         d3d_disp.cpp:1188 real_choose_bitmap_format        [   0.13495] Fake format
d3d      D         d3d_disp.cpp:1196 real_choose_bitmap_format        [   0.13496] Alpha doesn't match
d3d      D         d3d_disp.cpp:1203 real_choose_bitmap_format        [   0.13497] Adapter format is 23
d3d      D         d3d_disp.cpp:1206 real_choose_bitmap_format        [   0.13499] Found a format
d3d      I         d3d_disp.cpp:2377 d3d_create_bitmap                [   0.13500] Chose bitmap format 9
dtor     D               dtor.c:196  _al_register_destructor          [   0.13522] added dtor for bitmap 0275EDC8, func 0FF823FB
stdio    D         file_stdio.c:110  file_stdio_fopen                 [   0.13566] opening ../CASTELAR.TTF rb
font     D                ttf.c:942  al_load_ttf_font_stretch_f       [   0.13601] Font ../CASTELAR.TTF loaded with pixel size 0 x 48.
font     D                ttf.c:944  al_load_ttf_font_stretch_f       [   0.13603]     ascent=45.0, descent=-14.0, height=57.0
dtor     D               dtor.c:196  _al_register_destructor          [   0.13605] added dtor for ttf_font 027371D0, func 51D511AE
dtor     D               dtor.c:196  _al_register_destructor          [   0.13608] added dtor for queue 0275EF68, func 0FF81550
d3d      D          d3d_bmp.cpp:539  _al_d3d_sync_bitmap              [   0.14563] _al_d3d_sync_bitmap (system) ref count == 1
d3d      D          d3d_bmp.cpp:545  _al_d3d_sync_bitmap              [   0.14567] _al_d3d_sync_bitmap (video) ref count == 1
d3d      D          d3d_bmp.cpp:539  _al_d3d_sync_bitmap              [   0.15049] _al_d3d_sync_bitmap (system) ref count == 1
d3d      D          d3d_bmp.cpp:545  _al_d3d_sync_bitmap              [   0.15053] _al_d3d_sync_bitmap (video) ref count == 1
d3d      D          d3d_bmp.cpp:539  _al_d3d_sync_bitmap              [   0.15228] _al_d3d_sync_bitmap (system) ref count == 1
d3d      D          d3d_bmp.cpp:545  _al_d3d_sync_bitmap              [   0.15232] _al_d3d_sync_bitmap (video) ref count == 1
d3d      D          d3d_bmp.cpp:539  _al_d3d_sync_bitmap              [   0.15295] _al_d3d_sync_bitmap (system) ref count == 1
d3d      D          d3d_bmp.cpp:545  _al_d3d_sync_bitmap              [   0.15297] _al_d3d_sync_bitmap (video) ref count == 1
d3d      D          d3d_bmp.cpp:539  _al_d3d_sync_bitmap              [   0.15353] _al_d3d_sync_bitmap (system) ref count == 1
d3d      D          d3d_bmp.cpp:545  _al_d3d_sync_bitmap              [   0.15355] _al_d3d_sync_bitmap (video) ref count == 1
d3d      D          d3d_bmp.cpp:539  _al_d3d_sync_bitmap              [   0.15409] _al_d3d_sync_bitmap (system) ref count == 1
d3d      D          d3d_bmp.cpp:545  _al_d3d_sync_bitmap              [   0.15414] _al_d3d_sync_bitmap (video) ref count == 1
d3d      I         d3d_disp.cpp:901  d3d_destroy_display              [   4.46366] destroying display 026C07D0 (current 00000000)
bitmap   D        bitmap_type.c:308  _al_convert_to_memory_bitmap     [   4.46745] converting display bitmap 0275EDC8 to memory bitmap
dtor     D               dtor.c:196  _al_register_destructor          [   4.46753] added dtor for bitmap 09DB2BF8, func 0FF823FB
d3d      D          d3d_bmp.cpp:539  _al_d3d_sync_bitmap              [   4.46756] _al_d3d_sync_bitmap (system) ref count == 1
d3d      D          d3d_bmp.cpp:545  _al_d3d_sync_bitmap              [   4.46757] _al_d3d_sync_bitmap (video) ref count == 1
dtor     D               dtor.c:227  _al_unregister_destructor        [   4.46836] removed dtor for bitmap 09DB2BF8
bitmap   D        bitmap_type.c:308  _al_convert_to_memory_bitmap     [   4.46844] converting display bitmap 09C6BEC8 to memory bitmap
dtor     D               dtor.c:196  _al_register_destructor          [   4.46847] added dtor for bitmap 09DB2BF8, func 0FF823FB
d3d      D          d3d_bmp.cpp:539  _al_d3d_sync_bitmap              [   4.46852] _al_d3d_sync_bitmap (system) ref count == 1
d3d      D          d3d_bmp.cpp:545  _al_d3d_sync_bitmap              [   4.46854] _al_d3d_sync_bitmap (video) ref count == 1
dtor     D               dtor.c:227  _al_unregister_destructor        [   4.46915] removed dtor for bitmap 09DB2BF8
bitmap   D        bitmap_type.c:308  _al_convert_to_memory_bitmap     [   4.46930] converting display bitmap 09C6BD28 to memory bitmap
dtor     D               dtor.c:196  _al_register_destructor          [   4.46938] added dtor for bitmap 09DB2BF8, func 0FF823FB
d3d      D          d3d_bmp.cpp:539  _al_d3d_sync_bitmap              [   4.46942] _al_d3d_sync_bitmap (system) ref count == 1
d3d      D          d3d_bmp.cpp:545  _al_d3d_sync_bitmap              [   4.46943] _al_d3d_sync_bitmap (video) ref count == 1
dtor     D               dtor.c:227  _al_unregister_destructor        [   4.47009] removed dtor for bitmap 09DB2BF8
bitmap   D        bitmap_type.c:308  _al_convert_to_memory_bitmap     [   4.47015] converting display bitmap 09C71088 to memory bitmap
dtor     D               dtor.c:196  _al_register_destructor          [   4.47018] added dtor for bitmap 09DB2BF8, func 0FF823FB
d3d      D          d3d_bmp.cpp:539  _al_d3d_sync_bitmap              [   4.47020] _al_d3d_sync_bitmap (system) ref count == 1
d3d      D          d3d_bmp.cpp:545  _al_d3d_sync_bitmap              [   4.47022] _al_d3d_sync_bitmap (video) ref count == 1
dtor     D               dtor.c:227  _al_unregister_destructor        [   4.47080] removed dtor for bitmap 09DB2BF8
bitmap   D        bitmap_type.c:308  _al_convert_to_memory_bitmap     [   4.47099] converting display bitmap 09C693F8 to memory bitmap
dtor     D               dtor.c:196  _al_register_destructor          [   4.47145] added dtor for bitmap 09DB2BF8, func 0FF823FB
d3d      D          d3d_bmp.cpp:539  _al_d3d_sync_bitmap              [   4.47148] _al_d3d_sync_bitmap (system) ref count == 1
d3d      D          d3d_bmp.cpp:545  _al_d3d_sync_bitmap              [   4.47149] _al_d3d_sync_bitmap (video) ref count == 1
dtor     D               dtor.c:227  _al_unregister_destructor        [   4.47312] removed dtor for bitmap 09DB2BF8
bitmap   D        bitmap_type.c:308  _al_convert_to_memory_bitmap     [   4.47357] converting display bitmap 09C77A68 to memory bitmap
dtor     D               dtor.c:196  _al_register_destructor          [   4.47473] added dtor for bitmap 09DB2BF8, func 0FF823FB
d3d      D          d3d_bmp.cpp:539  _al_d3d_sync_bitmap              [   4.47476] _al_d3d_sync_bitmap (system) ref count == 1
d3d      D          d3d_bmp.cpp:545  _al_d3d_sync_bitmap              [   4.47477] _al_d3d_sync_bitmap (video) ref count == 1
dtor     D               dtor.c:227  _al_unregister_destructor        [   4.47871] removed dtor for bitmap 09DB2BF8
d3d      D         d3d_disp.cpp:885  d3d_destroy_display_internals    [   4.47970] waiting for display 026C07D0's thread to end
d3d      W         d3d_disp.cpp:595  d3d_destroy_device               [   4.48599] d3d_destroy_device: ref count not 0
d3d      I         d3d_disp.cpp:1548 d3d_display_thread_proc          [   4.49099] d3d display thread exits
dtor     D               dtor.c:227  _al_unregister_destructor        [   4.49125] removed dtor for bitmap 09C77A68
dtor     D               dtor.c:227  _al_unregister_destructor        [   4.49243] removed dtor for queue 0275EF68
dtor     D               dtor.c:227  _al_unregister_destructor        [   4.49259] removed dtor for ttf_font 027371D0
dtor     D               dtor.c:116  _al_run_destructors              [   4.49280] calling dtor for bitmap 0275EDC8, func 0FF823FB
dtor     D               dtor.c:227  _al_unregister_destructor        [   4.49283] removed dtor for bitmap 0275EDC8
dtor     D               dtor.c:116  _al_run_destructors              [   4.49295] calling dtor for bitmap 09C6BEC8, func 0FF823FB
dtor     D               dtor.c:227  _al_unregister_destructor        [   4.49297] removed dtor for bitmap 09C6BEC8
dtor     D               dtor.c:116  _al_run_destructors              [   4.49300] calling dtor for bitmap 09C6BD28, func 0FF823FB
dtor     D               dtor.c:227  _al_unregister_destructor        [   4.49302] removed dtor for bitmap 09C6BD28
dtor     D               dtor.c:116  _al_run_destructors              [   4.49318] calling dtor for bitmap 09C71088, func 0FF823FB
dtor     D               dtor.c:227  _al_unregister_destructor        [   4.49321] removed dtor for bitmap 09C71088
dtor     D               dtor.c:116  _al_run_destructors              [   4.49323] calling dtor for bitmap 09C693F8, func 0FF823FB
dtor     D               dtor.c:227  _al_unregister_destructor        [   4.49325] removed dtor for bitmap 09C693F8
d3d      I         d3d_disp.cpp:901  d3d_destroy_display              [   4.49353] destroying display 002F5ED0 (current 00000000)
d3d      D         d3d_disp.cpp:885  d3d_destroy_display_internals    [   4.49441] waiting for display 002F5ED0's thread to end
d3d      W         d3d_disp.cpp:595  d3d_destroy_device               [   4.50201] d3d_destroy_device: ref count not 0
d3d      I         d3d_disp.cpp:1548 d3d_display_thread_proc          [   4.50852] d3d display thread exits
